<!DOCTYPE html PUBLIC "-//W3C//DTD XHTML 1.1//EN" "http://www.w3.org/TR/xhtml11/DTD/xhtml11.dtd">
<html xmlns="http://www.w3.org/1999/xhtml">
<head>
<meta http-equiv="content-type" content="text/html; charset=UTF-8"/>
<title>TestNG Report</title>
<style type="text/css">table {margin-bottom:10px;border-collapse:collapse;empty-cells:show}th,td {border:1px solid #009;padding:.25em .5em}th {vertical-align:bottom}td {vertical-align:top}table a {font-weight:bold}.stripe td {background-color: #E6EBF9}.num {text-align:right}.passedodd td {background-color: #3F3}.passedeven td {background-color: #0A0}.skippedodd td {background-color: #DDD}.skippedeven td {background-color: #CCC}.failedodd td,.attn {background-color: #F33}.failedeven td,.stripe .attn {background-color: #D00}.stacktrace {white-space:pre;font-family:monospace}.totop {font-size:85%;text-align:center;border-bottom:2px solid #000}.invisible {display:none}</style>
</head>
<body>
<table>
<tr><th>Test</th><th># Passed</th><th># Skipped</th><th># Failed</th><th>Time (ms)</th><th>Included Groups</th><th>Excluded Groups</th></tr>
<tr><th colspan="7">Data Driven Basics</th></tr>
<tr><td><a href="#t0">Bank Manager Login Test</a></td><td class="num">1</td><td class="num">0</td><td class="num">0</td><td class="num">3,009</td><td></td><td></td></tr>
<tr class="stripe"><td><a href="#t1">Add Customer Test</a></td><td class="num">4</td><td class="num attn">3</td><td class="num">0</td><td class="num">13,704</td><td></td><td></td></tr>
<tr><td><a href="#t2">Open Account Test</a></td><td class="num">0</td><td class="num attn">1</td><td class="num">0</td><td class="num">3</td><td></td><td></td></tr>
<tr class="stripe"><td><a href="#t3">Validate Added Customers</a></td><td class="num">4</td><td class="num attn">1</td><td class="num">0</td><td class="num">13,420</td><td></td><td></td></tr>
<tr><th>Total</th><th class="num">9</th><th class="num attn">5</th><th class="num">0</th><th class="num">30,136</th><th colspan="2"></th></tr>
</table>
<table id='summary'><thead><tr><th>Class</th><th>Method</th><th>Start</th><th>Time (ms)</th></tr></thead><tbody><tr><th colspan="4">Data Driven Basics</th></tr></tbody><tbody id="t0"><tr><th colspan="4">Bank Manager Login Test &#8212; passed</th></tr><tr class="passedeven"><td rowspan="1">com.DKP.testcases.BankManagerLoginTest</td><td><a href="#m0">loginTest</a></td><td rowspan="1">1720255127939</td><td rowspan="1">2702</td></tr></tbody>
<tbody id="t1"><tr><th colspan="4">Add Customer Test &#8212; skipped</th></tr><tr class="skippedeven"><td rowspan="3">com.DKP.testcases.AddCustomerTest</td><td><a href="#m1">addCustomerTest</a></td><td rowspan="3">1720255146056</td><td rowspan="3">2</td></tr><tr class="skippedeven"><td><a href="#m2">addCustomerTest</a></td></tr><tr class="skippedeven"><td><a href="#m3">addCustomerTest</a></td></tr><tr><th colspan="4">Add Customer Test &#8212; passed</th></tr><tr class="passedeven"><td rowspan="4">com.DKP.testcases.AddCustomerTest</td><td><a href="#m4">addCustomerTest</a></td><td rowspan="4">1720255141171</td><td rowspan="4">4884</td></tr><tr class="passedeven"><td><a href="#m5">addCustomerTest</a></td></tr><tr class="passedeven"><td><a href="#m6">addCustomerTest</a></td></tr><tr class="passedeven"><td><a href="#m7">addCustomerTest</a></td></tr></tbody>
<tbody id="t2"><tr><th colspan="4">Open Account Test &#8212; skipped</th></tr><tr class="skippedeven"><td rowspan="1">com.DKP.testcases.OpenAccountTest</td><td><a href="#m8">openAccountTest</a></td><td rowspan="1">1720255146157</td><td rowspan="1">1</td></tr></tbody>
<tbody id="t3"><tr><th colspan="4">Validate Added Customers &#8212; skipped</th></tr><tr class="skippedeven"><td rowspan="1">com.DKP.testcases.ValidateCustomers</td><td><a href="#m9">Validatecustomers</a></td><td rowspan="1">1720255156329</td><td rowspan="1">1</td></tr><tr><th colspan="4">Validate Added Customers &#8212; passed</th></tr><tr class="passedeven"><td rowspan="4">com.DKP.testcases.ValidateCustomers</td><td><a href="#m10">Validatecustomers</a></td><td rowspan="4">1720255146211</td><td rowspan="4">3482</td></tr><tr class="passedeven"><td><a href="#m11">Validatecustomers</a></td></tr><tr class="passedeven"><td><a href="#m12">Validatecustomers</a></td></tr><tr class="passedeven"><td><a href="#m13">Validatecustomers</a></td></tr></tbody>
</table>
<h2>Bank Manager Login Test</h2><h3 id="m0">com.DKP.testcases.BankManagerLoginTest#loginTest</h3><table class="result"><tr><th class="invisible"/></tr></table><p class="totop"><a href="#summary">back to summary</a></p>
<h2>Add Customer Test</h2><h3 id="m1">com.DKP.testcases.AddCustomerTest#addCustomerTest</h3><table class="result"><tr class="param"><th>Parameter #1</th></tr><tr class="param stripe"><td>{postCode=7555.0, lastName=Gandhi, firstName=Dinesh, runmode=N}</td></tr><tr><th>Exception</th></tr><tr><td><div class="stacktrace">org.testng.SkipException: Skipping test case execution as the runmode for this testdata is set as No
	at com.DKP.testcases.AddCustomerTest.addCustomerTest(AddCustomerTest.java:21)
... Removed 28 stack frames</div></td></tr></table><p class="totop"><a href="#summary">back to summary</a></p>
<h3 id="m2">com.DKP.testcases.AddCustomerTest#addCustomerTest</h3><table class="result"><tr class="param"><th>Parameter #1</th></tr><tr class="param stripe"><td>{postCode=E34343, lastName=Paul, firstName=Cory, runmode=N}</td></tr><tr><th>Exception</th></tr><tr><td><div class="stacktrace">org.testng.SkipException: Skipping test case execution as the runmode for this testdata is set as No
	at com.DKP.testcases.AddCustomerTest.addCustomerTest(AddCustomerTest.java:21)
... Removed 28 stack frames</div></td></tr></table><p class="totop"><a href="#summary">back to summary</a></p>
<h3 id="m3">com.DKP.testcases.AddCustomerTest#addCustomerTest</h3><table class="result"><tr class="param"><th>Parameter #1</th></tr><tr class="param stripe"><td>{postCode=1213.0, lastName=Sauf, firstName=Surendra, runmode=N}</td></tr><tr><th>Exception</th></tr><tr><td><div class="stacktrace">org.testng.SkipException: Skipping test case execution as the runmode for this testdata is set as No
	at com.DKP.testcases.AddCustomerTest.addCustomerTest(AddCustomerTest.java:21)
... Removed 28 stack frames</div></td></tr></table><p class="totop"><a href="#summary">back to summary</a></p>
<h3 id="m4">com.DKP.testcases.AddCustomerTest#addCustomerTest</h3><table class="result"><tr class="param"><th>Parameter #1</th></tr><tr class="param stripe"><td>{postCode=9778.0, lastName=Shinde, firstName=Mahesh, runmode=Y}</td></tr></table><p class="totop"><a href="#summary">back to summary</a></p>
<h3 id="m5">com.DKP.testcases.AddCustomerTest#addCustomerTest</h3><table class="result"><tr class="param"><th>Parameter #1</th></tr><tr class="param stripe"><td>{postCode=A24324, lastName=Arora, firstName=Raman, runmode=Y}</td></tr></table><p class="totop"><a href="#summary">back to summary</a></p>
<h3 id="m6">com.DKP.testcases.AddCustomerTest#addCustomerTest</h3><table class="result"><tr class="param"><th>Parameter #1</th></tr><tr class="param stripe"><td>{postCode=1121.0, lastName=Raut, firstName=virendra, runmode=Y}</td></tr></table><p class="totop"><a href="#summary">back to summary</a></p>
<h3 id="m7">com.DKP.testcases.AddCustomerTest#addCustomerTest</h3><table class="result"><tr class="param"><th>Parameter #1</th></tr><tr class="param stripe"><td>{postCode=A234234, lastName=Arora, firstName=Rahul, runmode=Y}</td></tr></table><p class="totop"><a href="#summary">back to summary</a></p>
<h2>Open Account Test</h2><h3 id="m8">com.DKP.testcases.OpenAccountTest#openAccountTest</h3><table class="result"><tr class="param"><th>Parameter #1</th></tr><tr class="param stripe"><td>{currency=Rupee, runmode=Y, customer=Rahul Arora}</td></tr><tr><th>Exception</th></tr><tr><td><div class="stacktrace">org.testng.SkipException: Skipping the test openAccountTest   As runmode is set as No
	at com.DKP.extentlisteners.ExtentListeners.onTestStart(ExtentListeners.java:56)
... Removed 25 stack frames</div></td></tr></table><p class="totop"><a href="#summary">back to summary</a></p>
<h2>Validate Added Customers</h2><h3 id="m9">com.DKP.testcases.ValidateCustomers#Validatecustomers</h3><table class="result"><tr class="param"><th>Parameter #1</th></tr><tr class="param stripe"><td>{postCode=7555.0, lastName=Gandhi, firstName=Dinesh, runmode=N}</td></tr><tr><th>Exception</th></tr><tr><td><div class="stacktrace">org.testng.SkipException: Skipping test case execution as the runmode for this testdata is set as No
	at com.DKP.testcases.ValidateCustomers.Validatecustomers(ValidateCustomers.java:22)
... Removed 28 stack frames</div></td></tr></table><p class="totop"><a href="#summary">back to summary</a></p>
<h3 id="m10">com.DKP.testcases.ValidateCustomers#Validatecustomers</h3><table class="result"><tr class="param"><th>Parameter #1</th></tr><tr class="param stripe"><td>{postCode=A234234, lastName=Arora, firstName=Rahul, runmode=Y}</td></tr></table><p class="totop"><a href="#summary">back to summary</a></p>
<h3 id="m11">com.DKP.testcases.ValidateCustomers#Validatecustomers</h3><table class="result"><tr class="param"><th>Parameter #1</th></tr><tr class="param stripe"><td>{postCode=A24324, lastName=Arora, firstName=Raman, runmode=Y}</td></tr></table><p class="totop"><a href="#summary">back to summary</a></p>
<h3 id="m12">com.DKP.testcases.ValidateCustomers#Validatecustomers</h3><table class="result"><tr class="param"><th>Parameter #1</th></tr><tr class="param stripe"><td>{postCode=9778.0, lastName=Shinde, firstName=Mahesh, runmode=Y}</td></tr></table><p class="totop"><a href="#summary">back to summary</a></p>
<h3 id="m13">com.DKP.testcases.ValidateCustomers#Validatecustomers</h3><table class="result"><tr class="param"><th>Parameter #1</th></tr><tr class="param stripe"><td>{postCode=E34343, lastName=Paul, firstName=Cory, runmode=Y}</td></tr></table><p class="totop"><a href="#summary">back to summary</a></p>
</body>
</html>
