<?xml version="1.0" encoding="UTF-8"?>
<testng-results ignored="0" total="14" passed="9" failed="0" skipped="5">
  <reporter-output>
  </reporter-output>
  <suite started-at="2024-07-06T08:38:47Z" name="Data Driven Basics" finished-at="2024-07-06T08:39:19Z" duration-ms="31712">
    <groups>
    </groups>
    <test started-at="2024-07-06T08:38:47Z" name="Bank Manager Login Test" finished-at="2024-07-06T08:38:50Z" duration-ms="3009">
      <class name="com.DKP.testcases.BankManagerLoginTest">
        <test-method signature="loginTest()[pri:0, instance:com.DKP.testcases.BankManagerLoginTest@6548bb7d]" started-at="2024-07-06T08:38:47Z" name="loginTest" finished-at="2024-07-06T08:38:50Z" duration-ms="2702" status="PASS">
          <reporter-output>
          </reporter-output>
        </test-method> <!-- loginTest -->
      </class> <!-- com.DKP.testcases.BankManagerLoginTest -->
    </test> <!-- Bank Manager Login Test -->
    <test started-at="2024-07-06T08:38:52Z" name="Add Customer Test" finished-at="2024-07-06T08:39:06Z" duration-ms="13704">
      <class name="com.DKP.testcases.AddCustomerTest">
        <test-method signature="addCustomerTest(java.util.Hashtable)[pri:0, instance:com.DKP.testcases.AddCustomerTest@46292372]" started-at="2024-07-06T08:38:52Z" name="addCustomerTest" data-provider="dp" finished-at="2024-07-06T08:38:56Z" duration-ms="3599" status="PASS">
          <params>
            <param index="0">
              <value>
                <![CDATA[{postCode=A234234, lastName=Arora, firstName=Rahul, runmode=Y}]]>
              </value>
            </param>
          </params>
          <reporter-output>
          </reporter-output>
        </test-method> <!-- addCustomerTest -->
        <test-method signature="addCustomerTest(java.util.Hashtable)[pri:0, instance:com.DKP.testcases.AddCustomerTest@46292372]" started-at="2024-07-06T08:38:56Z" name="addCustomerTest" data-provider="dp" finished-at="2024-07-06T08:38:58Z" duration-ms="2515" status="PASS">
          <params>
            <param index="0">
              <value>
                <![CDATA[{postCode=A24324, lastName=Arora, firstName=Raman, runmode=Y}]]>
              </value>
            </param>
          </params>
          <reporter-output>
          </reporter-output>
        </test-method> <!-- addCustomerTest -->
        <test-method signature="addCustomerTest(java.util.Hashtable)[pri:0, instance:com.DKP.testcases.AddCustomerTest@46292372]" started-at="2024-07-06T08:38:58Z" name="addCustomerTest" data-provider="dp" finished-at="2024-07-06T08:38:58Z" duration-ms="1" status="SKIP">
          <params>
            <param index="0">
              <value>
                <![CDATA[{postCode=E34343, lastName=Paul, firstName=Cory, runmode=N}]]>
              </value>
            </param>
          </params>
          <exception class="org.testng.SkipException">
            <message>
              <![CDATA[Skipping test case execution as the runmode for this testdata is set as No]]>
            </message>
            <full-stacktrace>
              <![CDATA[org.testng.SkipException: Skipping test case execution as the runmode for this testdata is set as No
at com.DKP.testcases.AddCustomerTest.addCustomerTest(AddCustomerTest.java:21)
at java.base/jdk.internal.reflect.NativeMethodAccessorImpl.invoke0(Native Method)
at java.base/jdk.internal.reflect.NativeMethodAccessorImpl.invoke(NativeMethodAccessorImpl.java:62)
at java.base/jdk.internal.reflect.DelegatingMethodAccessorImpl.invoke(DelegatingMethodAccessorImpl.java:43)
at java.base/java.lang.reflect.Method.invoke(Method.java:566)
at org.testng.internal.MethodInvocationHelper.invokeMethod(MethodInvocationHelper.java:124)
at org.testng.internal.Invoker.invokeMethod(Invoker.java:583)
at org.testng.internal.Invoker.invokeTestMethod(Invoker.java:719)
at org.testng.internal.Invoker.invokeTestMethods(Invoker.java:989)
at org.testng.internal.TestMethodWorker.invokeTestMethods(TestMethodWorker.java:125)
at org.testng.internal.TestMethodWorker.run(TestMethodWorker.java:109)
at org.testng.TestRunner.privateRun(TestRunner.java:648)
at org.testng.TestRunner.run(TestRunner.java:505)
at org.testng.SuiteRunner.runTest(SuiteRunner.java:455)
at org.testng.SuiteRunner.runSequentially(SuiteRunner.java:450)
at org.testng.SuiteRunner.privateRun(SuiteRunner.java:415)
at org.testng.SuiteRunner.run(SuiteRunner.java:364)
at org.testng.SuiteRunnerWorker.runSuite(SuiteRunnerWorker.java:52)
at org.testng.SuiteRunnerWorker.run(SuiteRunnerWorker.java:84)
at org.testng.TestNG.runSuitesSequentially(TestNG.java:1208)
at org.testng.TestNG.runSuitesLocally(TestNG.java:1137)
at org.testng.TestNG.runSuites(TestNG.java:1049)
at org.testng.TestNG.run(TestNG.java:1017)
at org.apache.maven.surefire.testng.TestNGExecutor.run(TestNGExecutor.java:295)
at org.apache.maven.surefire.testng.TestNGXmlTestSuite.execute(TestNGXmlTestSuite.java:84)
at org.apache.maven.surefire.testng.TestNGProvider.invoke(TestNGProvider.java:90)
at org.apache.maven.surefire.booter.ForkedBooter.invokeProviderInSameClassLoader(ForkedBooter.java:203)
at org.apache.maven.surefire.booter.ForkedBooter.runSuitesInProcess(ForkedBooter.java:155)
at org.apache.maven.surefire.booter.ForkedBooter.main(ForkedBooter.java:103)
]]>
            </full-stacktrace>
          </exception> <!-- org.testng.SkipException -->
          <reporter-output>
          </reporter-output>
        </test-method> <!-- addCustomerTest -->
        <test-method signature="addCustomerTest(java.util.Hashtable)[pri:0, instance:com.DKP.testcases.AddCustomerTest@46292372]" started-at="2024-07-06T08:38:58Z" name="addCustomerTest" data-provider="dp" finished-at="2024-07-06T08:39:01Z" duration-ms="2590" status="PASS">
          <params>
            <param index="0">
              <value>
                <![CDATA[{postCode=1121.0, lastName=Raut, firstName=virendra, runmode=Y}]]>
              </value>
            </param>
          </params>
          <reporter-output>
          </reporter-output>
        </test-method> <!-- addCustomerTest -->
        <test-method signature="addCustomerTest(java.util.Hashtable)[pri:0, instance:com.DKP.testcases.AddCustomerTest@46292372]" started-at="2024-07-06T08:39:01Z" name="addCustomerTest" data-provider="dp" finished-at="2024-07-06T08:39:01Z" duration-ms="1" status="SKIP">
          <params>
            <param index="0">
              <value>
                <![CDATA[{postCode=1213.0, lastName=Sauf, firstName=Surendra, runmode=N}]]>
              </value>
            </param>
          </params>
          <exception class="org.testng.SkipException">
            <message>
              <![CDATA[Skipping test case execution as the runmode for this testdata is set as No]]>
            </message>
            <full-stacktrace>
              <![CDATA[org.testng.SkipException: Skipping test case execution as the runmode for this testdata is set as No
at com.DKP.testcases.AddCustomerTest.addCustomerTest(AddCustomerTest.java:21)
at java.base/jdk.internal.reflect.NativeMethodAccessorImpl.invoke0(Native Method)
at java.base/jdk.internal.reflect.NativeMethodAccessorImpl.invoke(NativeMethodAccessorImpl.java:62)
at java.base/jdk.internal.reflect.DelegatingMethodAccessorImpl.invoke(DelegatingMethodAccessorImpl.java:43)
at java.base/java.lang.reflect.Method.invoke(Method.java:566)
at org.testng.internal.MethodInvocationHelper.invokeMethod(MethodInvocationHelper.java:124)
at org.testng.internal.Invoker.invokeMethod(Invoker.java:583)
at org.testng.internal.Invoker.invokeTestMethod(Invoker.java:719)
at org.testng.internal.Invoker.invokeTestMethods(Invoker.java:989)
at org.testng.internal.TestMethodWorker.invokeTestMethods(TestMethodWorker.java:125)
at org.testng.internal.TestMethodWorker.run(TestMethodWorker.java:109)
at org.testng.TestRunner.privateRun(TestRunner.java:648)
at org.testng.TestRunner.run(TestRunner.java:505)
at org.testng.SuiteRunner.runTest(SuiteRunner.java:455)
at org.testng.SuiteRunner.runSequentially(SuiteRunner.java:450)
at org.testng.SuiteRunner.privateRun(SuiteRunner.java:415)
at org.testng.SuiteRunner.run(SuiteRunner.java:364)
at org.testng.SuiteRunnerWorker.runSuite(SuiteRunnerWorker.java:52)
at org.testng.SuiteRunnerWorker.run(SuiteRunnerWorker.java:84)
at org.testng.TestNG.runSuitesSequentially(TestNG.java:1208)
at org.testng.TestNG.runSuitesLocally(TestNG.java:1137)
at org.testng.TestNG.runSuites(TestNG.java:1049)
at org.testng.TestNG.run(TestNG.java:1017)
at org.apache.maven.surefire.testng.TestNGExecutor.run(TestNGExecutor.java:295)
at org.apache.maven.surefire.testng.TestNGXmlTestSuite.execute(TestNGXmlTestSuite.java:84)
at org.apache.maven.surefire.testng.TestNGProvider.invoke(TestNGProvider.java:90)
at org.apache.maven.surefire.booter.ForkedBooter.invokeProviderInSameClassLoader(ForkedBooter.java:203)
at org.apache.maven.surefire.booter.ForkedBooter.runSuitesInProcess(ForkedBooter.java:155)
at org.apache.maven.surefire.booter.ForkedBooter.main(ForkedBooter.java:103)
]]>
            </full-stacktrace>
          </exception> <!-- org.testng.SkipException -->
          <reporter-output>
          </reporter-output>
        </test-method> <!-- addCustomerTest -->
        <test-method signature="addCustomerTest(java.util.Hashtable)[pri:0, instance:com.DKP.testcases.AddCustomerTest@46292372]" started-at="2024-07-06T08:39:01Z" name="addCustomerTest" data-provider="dp" finished-at="2024-07-06T08:39:06Z" duration-ms="4884" status="PASS">
          <params>
            <param index="0">
              <value>
                <![CDATA[{postCode=9778.0, lastName=Shinde, firstName=Mahesh, runmode=Y}]]>
              </value>
            </param>
          </params>
          <reporter-output>
          </reporter-output>
        </test-method> <!-- addCustomerTest -->
        <test-method signature="addCustomerTest(java.util.Hashtable)[pri:0, instance:com.DKP.testcases.AddCustomerTest@46292372]" started-at="2024-07-06T08:39:06Z" name="addCustomerTest" data-provider="dp" finished-at="2024-07-06T08:39:06Z" duration-ms="2" status="SKIP">
          <params>
            <param index="0">
              <value>
                <![CDATA[{postCode=7555.0, lastName=Gandhi, firstName=Dinesh, runmode=N}]]>
              </value>
            </param>
          </params>
          <exception class="org.testng.SkipException">
            <message>
              <![CDATA[Skipping test case execution as the runmode for this testdata is set as No]]>
            </message>
            <full-stacktrace>
              <![CDATA[org.testng.SkipException: Skipping test case execution as the runmode for this testdata is set as No
at com.DKP.testcases.AddCustomerTest.addCustomerTest(AddCustomerTest.java:21)
at java.base/jdk.internal.reflect.NativeMethodAccessorImpl.invoke0(Native Method)
at java.base/jdk.internal.reflect.NativeMethodAccessorImpl.invoke(NativeMethodAccessorImpl.java:62)
at java.base/jdk.internal.reflect.DelegatingMethodAccessorImpl.invoke(DelegatingMethodAccessorImpl.java:43)
at java.base/java.lang.reflect.Method.invoke(Method.java:566)
at org.testng.internal.MethodInvocationHelper.invokeMethod(MethodInvocationHelper.java:124)
at org.testng.internal.Invoker.invokeMethod(Invoker.java:583)
at org.testng.internal.Invoker.invokeTestMethod(Invoker.java:719)
at org.testng.internal.Invoker.invokeTestMethods(Invoker.java:989)
at org.testng.internal.TestMethodWorker.invokeTestMethods(TestMethodWorker.java:125)
at org.testng.internal.TestMethodWorker.run(TestMethodWorker.java:109)
at org.testng.TestRunner.privateRun(TestRunner.java:648)
at org.testng.TestRunner.run(TestRunner.java:505)
at org.testng.SuiteRunner.runTest(SuiteRunner.java:455)
at org.testng.SuiteRunner.runSequentially(SuiteRunner.java:450)
at org.testng.SuiteRunner.privateRun(SuiteRunner.java:415)
at org.testng.SuiteRunner.run(SuiteRunner.java:364)
at org.testng.SuiteRunnerWorker.runSuite(SuiteRunnerWorker.java:52)
at org.testng.SuiteRunnerWorker.run(SuiteRunnerWorker.java:84)
at org.testng.TestNG.runSuitesSequentially(TestNG.java:1208)
at org.testng.TestNG.runSuitesLocally(TestNG.java:1137)
at org.testng.TestNG.runSuites(TestNG.java:1049)
at org.testng.TestNG.run(TestNG.java:1017)
at org.apache.maven.surefire.testng.TestNGExecutor.run(TestNGExecutor.java:295)
at org.apache.maven.surefire.testng.TestNGXmlTestSuite.execute(TestNGXmlTestSuite.java:84)
at org.apache.maven.surefire.testng.TestNGProvider.invoke(TestNGProvider.java:90)
at org.apache.maven.surefire.booter.ForkedBooter.invokeProviderInSameClassLoader(ForkedBooter.java:203)
at org.apache.maven.surefire.booter.ForkedBooter.runSuitesInProcess(ForkedBooter.java:155)
at org.apache.maven.surefire.booter.ForkedBooter.main(ForkedBooter.java:103)
]]>
            </full-stacktrace>
          </exception> <!-- org.testng.SkipException -->
          <reporter-output>
          </reporter-output>
        </test-method> <!-- addCustomerTest -->
      </class> <!-- com.DKP.testcases.AddCustomerTest -->
    </test> <!-- Add Customer Test -->
    <test started-at="2024-07-06T08:39:06Z" name="Open Account Test" finished-at="2024-07-06T08:39:06Z" duration-ms="3">
      <class name="com.DKP.testcases.OpenAccountTest">
        <test-method signature="openAccountTest(java.util.Hashtable)[pri:0, instance:com.DKP.testcases.OpenAccountTest@31198ceb]" started-at="2024-07-06T08:39:06Z" name="openAccountTest" data-provider="dp" finished-at="2024-07-06T08:39:06Z" duration-ms="1" status="SKIP">
          <params>
            <param index="0">
              <value>
                <![CDATA[{currency=Rupee, runmode=Y, customer=Rahul Arora}]]>
              </value>
            </param>
          </params>
          <exception class="org.testng.SkipException">
            <message>
              <![CDATA[Skipping the test openAccountTest   As runmode is set as No]]>
            </message>
            <full-stacktrace>
              <![CDATA[org.testng.SkipException: Skipping the test openAccountTest   As runmode is set as No
at com.DKP.extentlisteners.ExtentListeners.onTestStart(ExtentListeners.java:56)
at org.testng.internal.TestListenerHelper.runTestListeners(TestListenerHelper.java:73)
at org.testng.internal.Invoker.runTestListeners(Invoker.java:1389)
at org.testng.internal.Invoker.invokeMethod(Invoker.java:559)
at org.testng.internal.Invoker.invokeTestMethod(Invoker.java:719)
at org.testng.internal.Invoker.invokeTestMethods(Invoker.java:989)
at org.testng.internal.TestMethodWorker.invokeTestMethods(TestMethodWorker.java:125)
at org.testng.internal.TestMethodWorker.run(TestMethodWorker.java:109)
at org.testng.TestRunner.privateRun(TestRunner.java:648)
at org.testng.TestRunner.run(TestRunner.java:505)
at org.testng.SuiteRunner.runTest(SuiteRunner.java:455)
at org.testng.SuiteRunner.runSequentially(SuiteRunner.java:450)
at org.testng.SuiteRunner.privateRun(SuiteRunner.java:415)
at org.testng.SuiteRunner.run(SuiteRunner.java:364)
at org.testng.SuiteRunnerWorker.runSuite(SuiteRunnerWorker.java:52)
at org.testng.SuiteRunnerWorker.run(SuiteRunnerWorker.java:84)
at org.testng.TestNG.runSuitesSequentially(TestNG.java:1208)
at org.testng.TestNG.runSuitesLocally(TestNG.java:1137)
at org.testng.TestNG.runSuites(TestNG.java:1049)
at org.testng.TestNG.run(TestNG.java:1017)
at org.apache.maven.surefire.testng.TestNGExecutor.run(TestNGExecutor.java:295)
at org.apache.maven.surefire.testng.TestNGXmlTestSuite.execute(TestNGXmlTestSuite.java:84)
at org.apache.maven.surefire.testng.TestNGProvider.invoke(TestNGProvider.java:90)
at org.apache.maven.surefire.booter.ForkedBooter.invokeProviderInSameClassLoader(ForkedBooter.java:203)
at org.apache.maven.surefire.booter.ForkedBooter.runSuitesInProcess(ForkedBooter.java:155)
at org.apache.maven.surefire.booter.ForkedBooter.main(ForkedBooter.java:103)
]]>
            </full-stacktrace>
          </exception> <!-- org.testng.SkipException -->
          <reporter-output>
          </reporter-output>
        </test-method> <!-- openAccountTest -->
      </class> <!-- com.DKP.testcases.OpenAccountTest -->
    </test> <!-- Open Account Test -->
    <test started-at="2024-07-06T08:39:06Z" name="Validate Added Customers" finished-at="2024-07-06T08:39:19Z" duration-ms="13420">
      <class name="com.DKP.testcases.ValidateCustomers">
        <test-method is-config="true" signature="setUp()[pri:0, instance:com.DKP.testcases.ValidateCustomers@3d9fc57a]" started-at="2024-07-06T08:38:25Z" name="setUp" finished-at="2024-07-06T08:38:47Z" duration-ms="22804" status="PASS">
          <reporter-output>
          </reporter-output>
        </test-method> <!-- setUp -->
        <test-method signature="Validatecustomers(java.util.Hashtable)[pri:0, instance:com.DKP.testcases.ValidateCustomers@3d9fc57a]" started-at="2024-07-06T08:39:06Z" name="Validatecustomers" data-provider="dp" finished-at="2024-07-06T08:39:09Z" duration-ms="3482" status="PASS">
          <params>
            <param index="0">
              <value>
                <![CDATA[{postCode=A234234, lastName=Arora, firstName=Rahul, runmode=Y}]]>
              </value>
            </param>
          </params>
          <reporter-output>
          </reporter-output>
        </test-method> <!-- Validatecustomers -->
        <test-method signature="Validatecustomers(java.util.Hashtable)[pri:0, instance:com.DKP.testcases.ValidateCustomers@3d9fc57a]" started-at="2024-07-06T08:39:09Z" name="Validatecustomers" data-provider="dp" finished-at="2024-07-06T08:39:13Z" duration-ms="3373" status="PASS">
          <params>
            <param index="0">
              <value>
                <![CDATA[{postCode=A24324, lastName=Arora, firstName=Raman, runmode=Y}]]>
              </value>
            </param>
          </params>
          <reporter-output>
          </reporter-output>
        </test-method> <!-- Validatecustomers -->
        <test-method signature="Validatecustomers(java.util.Hashtable)[pri:0, instance:com.DKP.testcases.ValidateCustomers@3d9fc57a]" started-at="2024-07-06T08:39:13Z" name="Validatecustomers" data-provider="dp" finished-at="2024-07-06T08:39:16Z" duration-ms="3259" status="PASS">
          <params>
            <param index="0">
              <value>
                <![CDATA[{postCode=E34343, lastName=Paul, firstName=Cory, runmode=Y}]]>
              </value>
            </param>
          </params>
          <reporter-output>
          </reporter-output>
        </test-method> <!-- Validatecustomers -->
        <test-method signature="Validatecustomers(java.util.Hashtable)[pri:0, instance:com.DKP.testcases.ValidateCustomers@3d9fc57a]" started-at="2024-07-06T08:39:16Z" name="Validatecustomers" data-provider="dp" finished-at="2024-07-06T08:39:16Z" duration-ms="1" status="SKIP">
          <params>
            <param index="0">
              <value>
                <![CDATA[{postCode=7555.0, lastName=Gandhi, firstName=Dinesh, runmode=N}]]>
              </value>
            </param>
          </params>
          <exception class="org.testng.SkipException">
            <message>
              <![CDATA[Skipping test case execution as the runmode for this testdata is set as No]]>
            </message>
            <full-stacktrace>
              <![CDATA[org.testng.SkipException: Skipping test case execution as the runmode for this testdata is set as No
at com.DKP.testcases.ValidateCustomers.Validatecustomers(ValidateCustomers.java:22)
at java.base/jdk.internal.reflect.NativeMethodAccessorImpl.invoke0(Native Method)
at java.base/jdk.internal.reflect.NativeMethodAccessorImpl.invoke(NativeMethodAccessorImpl.java:62)
at java.base/jdk.internal.reflect.DelegatingMethodAccessorImpl.invoke(DelegatingMethodAccessorImpl.java:43)
at java.base/java.lang.reflect.Method.invoke(Method.java:566)
at org.testng.internal.MethodInvocationHelper.invokeMethod(MethodInvocationHelper.java:124)
at org.testng.internal.Invoker.invokeMethod(Invoker.java:583)
at org.testng.internal.Invoker.invokeTestMethod(Invoker.java:719)
at org.testng.internal.Invoker.invokeTestMethods(Invoker.java:989)
at org.testng.internal.TestMethodWorker.invokeTestMethods(TestMethodWorker.java:125)
at org.testng.internal.TestMethodWorker.run(TestMethodWorker.java:109)
at org.testng.TestRunner.privateRun(TestRunner.java:648)
at org.testng.TestRunner.run(TestRunner.java:505)
at org.testng.SuiteRunner.runTest(SuiteRunner.java:455)
at org.testng.SuiteRunner.runSequentially(SuiteRunner.java:450)
at org.testng.SuiteRunner.privateRun(SuiteRunner.java:415)
at org.testng.SuiteRunner.run(SuiteRunner.java:364)
at org.testng.SuiteRunnerWorker.runSuite(SuiteRunnerWorker.java:52)
at org.testng.SuiteRunnerWorker.run(SuiteRunnerWorker.java:84)
at org.testng.TestNG.runSuitesSequentially(TestNG.java:1208)
at org.testng.TestNG.runSuitesLocally(TestNG.java:1137)
at org.testng.TestNG.runSuites(TestNG.java:1049)
at org.testng.TestNG.run(TestNG.java:1017)
at org.apache.maven.surefire.testng.TestNGExecutor.run(TestNGExecutor.java:295)
at org.apache.maven.surefire.testng.TestNGXmlTestSuite.execute(TestNGXmlTestSuite.java:84)
at org.apache.maven.surefire.testng.TestNGProvider.invoke(TestNGProvider.java:90)
at org.apache.maven.surefire.booter.ForkedBooter.invokeProviderInSameClassLoader(ForkedBooter.java:203)
at org.apache.maven.surefire.booter.ForkedBooter.runSuitesInProcess(ForkedBooter.java:155)
at org.apache.maven.surefire.booter.ForkedBooter.main(ForkedBooter.java:103)
]]>
            </full-stacktrace>
          </exception> <!-- org.testng.SkipException -->
          <reporter-output>
          </reporter-output>
        </test-method> <!-- Validatecustomers -->
        <test-method signature="Validatecustomers(java.util.Hashtable)[pri:0, instance:com.DKP.testcases.ValidateCustomers@3d9fc57a]" started-at="2024-07-06T08:39:16Z" name="Validatecustomers" data-provider="dp" finished-at="2024-07-06T08:39:19Z" duration-ms="3296" status="PASS">
          <params>
            <param index="0">
              <value>
                <![CDATA[{postCode=9778.0, lastName=Shinde, firstName=Mahesh, runmode=Y}]]>
              </value>
            </param>
          </params>
          <reporter-output>
          </reporter-output>
        </test-method> <!-- Validatecustomers -->
        <test-method is-config="true" signature="tearDown()[pri:0, instance:com.DKP.testcases.ValidateCustomers@3d9fc57a]" started-at="2024-07-06T08:39:19Z" name="tearDown" finished-at="2024-07-06T08:39:20Z" duration-ms="1081" status="PASS">
          <reporter-output>
          </reporter-output>
        </test-method> <!-- tearDown -->
      </class> <!-- com.DKP.testcases.ValidateCustomers -->
    </test> <!-- Validate Added Customers -->
  </suite> <!-- Data Driven Basics -->
</testng-results>
