<?xml version="1.0" encoding="UTF-8"?>
<!-- Generated by org.testng.reporters.JUnitXMLReporter -->
<testsuite ignored="0" hostname="DESKTOP-9BA474E" failures="1" tests="2" name="Bank Manager Login Test" time="0.288" errors="0" timestamp="18 Nov 2024 17:16:51 GMT">
  <testcase classname="com.DKP.testcases.BankManagerLogin" name="bankmanagerloginTest" time="0.0">
    <skipped/>
  </testcase> <!-- bankmanagerloginTest -->
  <testcase classname="com.DKP.testcases.BankManagerLogin" name="bankmanagerloginTest" time="0.017">
    <failure type="java.lang.NullPointerException" message="Cannot invoke &amp;quot;com.aventstack.extentreports.ExtentTest.skip(com.aventstack.extentreports.markuputils.Markup)&amp;quot; because &amp;quot;com.DKP.extentlisteners.ExtentListeners.test&amp;quot; is null">
      <![CDATA[java.lang.NullPointerException: Cannot invoke "com.aventstack.extentreports.ExtentTest.skip(com.aventstack.extentreports.markuputils.Markup)" because "com.DKP.extentlisteners.ExtentListeners.test" is null
at com.DKP.extentlisteners.ExtentListeners.onTestSkipped(ExtentListeners.java:114)
... Removed 23 stack frames]]>
    </failure>
  </testcase> <!-- bankmanagerloginTest -->
</testsuite> <!-- Bank Manager Login Test -->
